<?xml version="1.0" encoding="utf-8"?><testsuites name="pytest tests"><testsuite name="pytest" errors="0" failures="0" skipped="0" tests="39" time="16.856" timestamp="2026-04-24T23:30:02.504156+00:00" hostname="agent-env-206caf8d-92aa-4e98-b0aa-cc5bb78338df"><testcase classname="backend.tests.backend_test.TestRoot" name="test_root_ok" time="0.190" /><testcase classname="backend.tests.backend_test.TestAuthRegister" name="test_register_sets_cookies_and_returns_user" time="0.349" /><testcase classname="backend.tests.backend_test.TestAuthRegister" name="test_register_rejects_duplicate_email" time="0.119" /><testcase classname="backend.tests.backend_test.TestAuthRegister" name="test_register_rejects_duplicate_username" time="0.105" /><testcase classname="backend.tests.backend_test.TestAuthRegister" name="test_register_rejects_invalid_email" time="0.108" /><testcase classname="backend.tests.backend_test.TestAuthRegister" name="test_register_rejects_short_password" time="0.135" /><testcase classname="backend.tests.backend_test.TestAuthLoginMeRefreshLogout" name="test_login_success_sets_cookies" time="0.334" /><testcase classname="backend.tests.backend_test.TestAuthLoginMeRefreshLogout" name="test_me_requires_auth" time="0.105" /><testcase classname="backend.tests.backend_test.TestAuthLoginMeRefreshLogout" name="test_me_returns_user_when_authenticated" time="0.390" /><testcase classname="backend.tests.backend_test.TestAuthLoginMeRefreshLogout" name="test_refresh_issues_new_access" time="0.452" /><testcase classname="backend.tests.backend_test.TestAuthLoginMeRefreshLogout" name="test_logout_clears_cookies" time="0.428" /><testcase classname="backend.tests.backend_test.TestLoginWrongPassword" name="test_wrong_password_401" time="0.709" /><testcase classname="backend.tests.backend_test.TestBruteForceLockout" name="test_lockout_after_5_failures" time="1.825" /><testcase classname="backend.tests.backend_test.TestRunsAndLeaderboard" name="test_submit_guest_run" time="0.131" /><testcase classname="backend.tests.backend_test.TestRunsAndLeaderboard" name="test_submit_guest_default_username" time="0.104" /><testcase classname="backend.tests.backend_test.TestRunsAndLeaderboard" name="test_submit_authenticated_run" time="0.475" /><testcase classname="backend.tests.backend_test.TestRunsAndLeaderboard" name="test_runs_me_requires_auth" time="0.133" /><testcase classname="backend.tests.backend_test.TestRunsAndLeaderboard" name="test_submit_invalid_outcome" time="0.121" /><testcase classname="backend.tests.backend_test.TestRunsAndLeaderboard" name="test_submit_invalid_character_class" time="0.115" /><testcase classname="backend.tests.backend_test.TestRunsAndLeaderboard" name="test_leaderboard_sorted" time="0.140" /><testcase classname="backend.tests.backend_test.TestRunsAndLeaderboard" name="test_leaderboard_filter_warrior" time="0.107" /><testcase classname="backend.tests.backend_test.TestRunsAndLeaderboard" name="test_leaderboard_filter_mage" time="0.132" /><testcase classname="backend.tests.backend_test.TestRunsAndLeaderboard" name="test_leaderboard_limit_respected_and_capped" time="0.218" /><testcase classname="backend.tests.backend_test.TestIndexes" name="test_unique_username_lower_case_insensitive" time="0.450" /><testcase classname="backend.tests.test_meta_and_coop.TestMeta" name="test_register_initializes_souls_and_meta" time="0.332" /><testcase classname="backend.tests.test_meta_and_coop.TestMeta" name="test_auth_me_returns_souls_and_meta" time="0.381" /><testcase classname="backend.tests.test_meta_and_coop.TestMeta" name="test_meta_requires_auth" time="0.124" /><testcase classname="backend.tests.test_meta_and_coop.TestMeta" name="test_meta_spend_requires_auth" time="0.121" /><testcase classname="backend.tests.test_meta_and_coop.TestMeta" name="test_meta_returns_state" time="0.423" /><testcase classname="backend.tests.test_meta_and_coop.TestMeta" name="test_spend_not_enough_souls" time="0.386" /><testcase classname="backend.tests.test_meta_and_coop.TestMeta" name="test_spend_unknown_upgrade" time="0.390" /><testcase classname="backend.tests.test_meta_and_coop.TestMeta" name="test_souls_accrual_auth_run_and_spend_flow" time="1.054" /><testcase classname="backend.tests.test_meta_and_coop.TestMeta" name="test_souls_formula_non_victory" time="0.413" /><testcase classname="backend.tests.test_meta_and_coop.TestMeta" name="test_guest_run_does_not_touch_user" time="0.135" /><testcase classname="backend.tests.test_meta_and_coop.TestCoopWebSocket" name="test_first_joiner_receives_joined_with_seed" time="0.183" /><testcase classname="backend.tests.test_meta_and_coop.TestCoopWebSocket" name="test_second_joiner_sees_first_and_first_gets_player_join" time="0.376" /><testcase classname="backend.tests.test_meta_and_coop.TestCoopWebSocket" name="test_pos_broadcast_not_echoed_to_sender" time="1.980" /><testcase classname="backend.tests.test_meta_and_coop.TestCoopWebSocket" name="test_room_auto_cleans_when_empty_and_reuses_seed" time="0.873" /><testcase classname="backend.tests.test_meta_and_coop.TestCoopWebSocket" name="test_room_caps_at_4_players" time="2.200" /></testsuite></testsuites>