<?xml version="1.0" encoding="utf-8"?><testsuites name="pytest tests"><testsuite name="pytest" errors="0" failures="0" skipped="0" tests="24" time="8.271" timestamp="2026-04-24T23:00:55.972844+00:00" hostname="agent-env-206caf8d-92aa-4e98-b0aa-cc5bb78338df"><testcase classname="backend.tests.backend_test.TestRoot" name="test_root_ok" time="0.250" /><testcase classname="backend.tests.backend_test.TestAuthRegister" name="test_register_sets_cookies_and_returns_user" time="0.352" /><testcase classname="backend.tests.backend_test.TestAuthRegister" name="test_register_rejects_duplicate_email" time="0.144" /><testcase classname="backend.tests.backend_test.TestAuthRegister" name="test_register_rejects_duplicate_username" time="0.108" /><testcase classname="backend.tests.backend_test.TestAuthRegister" name="test_register_rejects_invalid_email" time="0.152" /><testcase classname="backend.tests.backend_test.TestAuthRegister" name="test_register_rejects_short_password" time="0.141" /><testcase classname="backend.tests.backend_test.TestAuthLoginMeRefreshLogout" name="test_login_success_sets_cookies" time="0.403" /><testcase classname="backend.tests.backend_test.TestAuthLoginMeRefreshLogout" name="test_me_requires_auth" time="0.109" /><testcase classname="backend.tests.backend_test.TestAuthLoginMeRefreshLogout" name="test_me_returns_user_when_authenticated" time="0.434" /><testcase classname="backend.tests.backend_test.TestAuthLoginMeRefreshLogout" name="test_refresh_issues_new_access" time="0.479" /><testcase classname="backend.tests.backend_test.TestAuthLoginMeRefreshLogout" name="test_logout_clears_cookies" time="0.425" /><testcase classname="backend.tests.backend_test.TestLoginWrongPassword" name="test_wrong_password_401" time="0.749" /><testcase classname="backend.tests.backend_test.TestBruteForceLockout" name="test_lockout_after_5_failures" time="2.244" /><testcase classname="backend.tests.backend_test.TestRunsAndLeaderboard" name="test_submit_guest_run" time="0.119" /><testcase classname="backend.tests.backend_test.TestRunsAndLeaderboard" name="test_submit_guest_default_username" time="0.105" /><testcase classname="backend.tests.backend_test.TestRunsAndLeaderboard" name="test_submit_authenticated_run" time="0.432" /><testcase classname="backend.tests.backend_test.TestRunsAndLeaderboard" name="test_runs_me_requires_auth" time="0.114" /><testcase classname="backend.tests.backend_test.TestRunsAndLeaderboard" name="test_submit_invalid_outcome" time="0.116" /><testcase classname="backend.tests.backend_test.TestRunsAndLeaderboard" name="test_submit_invalid_character_class" time="0.135" /><testcase classname="backend.tests.backend_test.TestRunsAndLeaderboard" name="test_leaderboard_sorted" time="0.169" /><testcase classname="backend.tests.backend_test.TestRunsAndLeaderboard" name="test_leaderboard_filter_warrior" time="0.113" /><testcase classname="backend.tests.backend_test.TestRunsAndLeaderboard" name="test_leaderboard_filter_mage" time="0.152" /><testcase classname="backend.tests.backend_test.TestRunsAndLeaderboard" name="test_leaderboard_limit_respected_and_capped" time="0.239" /><testcase classname="backend.tests.backend_test.TestIndexes" name="test_unique_username_lower_case_insensitive" time="0.438" /></testsuite></testsuites>